<?xml version="1.0" encoding="UTF-8"?>
<testng-results ignored="0" total="1" passed="1" failed="0" skipped="0">
  <reporter-output>
  </reporter-output>
  <suite started-at="2024-05-04T08:28:19Z" name="Default suite" finished-at="2024-05-04T08:28:50Z" duration-ms="30939">
    <groups>
    </groups>
    <test started-at="2024-05-04T08:28:19Z" name="Default test" finished-at="2024-05-04T08:28:50Z" duration-ms="30939">
      <class name="automationexercise.TC11_Verify_Subscription_in_CartPage">
        <test-method is-config="true" signature="start()[pri:0, instance:automationexercise.TC11_Verify_Subscription_in_CartPage@40f1be1b]" started-at="2024-05-04T13:58:19Z" name="start" finished-at="2024-05-04T13:58:34Z" duration-ms="15150" status="PASS">
          <reporter-output>
          </reporter-output>
        </test-method> <!-- start -->
        <test-method signature="Verify_Subscription()[pri:0, instance:automationexercise.TC11_Verify_Subscription_in_CartPage@40f1be1b]" started-at="2024-05-04T13:58:34Z" name="Verify_Subscription" finished-at="2024-05-04T13:58:46Z" duration-ms="12027" status="PASS">
          <reporter-output>
          </reporter-output>
        </test-method> <!-- Verify_Subscription -->
        <test-method is-config="true" signature="close()[pri:0, instance:automationexercise.TC11_Verify_Subscription_in_CartPage@40f1be1b]" started-at="2024-05-04T13:58:46Z" name="close" finished-at="2024-05-04T13:58:50Z" duration-ms="3723" status="PASS">
          <reporter-output>
          </reporter-output>
        </test-method> <!-- close -->
      </class> <!-- automationexercise.TC11_Verify_Subscription_in_CartPage -->
    </test> <!-- Default test -->
  </suite> <!-- Default suite -->
</testng-results>
