<?xml version="1.0" encoding="UTF-8"?>
<testng-results ignored="0" total="1" passed="1" failed="0" skipped="0">
  <reporter-output>
  </reporter-output>
  <suite started-at="2024-04-24T18:54:54Z" name="Default suite" finished-at="2024-04-24T18:55:12Z" duration-ms="17612">
    <groups>
    </groups>
    <test started-at="2024-04-24T18:54:54Z" name="Default test" finished-at="2024-04-24T18:55:12Z" duration-ms="17612">
      <class name="automationexercise.TC09_Search_Product">
        <test-method is-config="true" signature="start()[pri:0, instance:automationexercise.TC09_Search_Product@51cd7ffc]" started-at="2024-04-25T00:24:54Z" name="start" finished-at="2024-04-25T00:25:01Z" duration-ms="6705" status="PASS">
          <reporter-output>
          </reporter-output>
        </test-method> <!-- start -->
        <test-method signature="Verify_All_Products()[pri:0, instance:automationexercise.TC09_Search_Product@51cd7ffc]" started-at="2024-04-25T00:25:01Z" name="Verify_All_Products" finished-at="2024-04-25T00:25:12Z" duration-ms="10878" status="PASS">
          <reporter-output>
          </reporter-output>
        </test-method> <!-- Verify_All_Products -->
      </class> <!-- automationexercise.TC09_Search_Product -->
    </test> <!-- Default test -->
  </suite> <!-- Default suite -->
</testng-results>
